<?xml version="1.0" encoding="UTF-8"?>
<!-- Generated by org.testng.reporters.JUnitReportReporter -->
<testsuite hostname="CWLK-JEYAGEN" name="com.jeya.util.ServiceLoaderDemoTest" tests="5" failures="0" timestamp="25 Sep 2018 10:15:53 GMT" time="0.393" errors="0">
  <testcase name="testIterate_oneDefaultAndOneNonDefault" time="0.120" classname="com.jeya.util.ServiceLoaderDemoTest"/>
  <testcase name="testIterate_oneNonDefaultOnly" time="0.020" classname="com.jeya.util.ServiceLoaderDemoTest"/>
  <testcase name="testIterate_oneDefaultmoreThanOneNonDefault" time="0.014" classname="com.jeya.util.ServiceLoaderDemoTest"/>
  <testcase name="testIterate_oneDefaultOnly" time="0.016" classname="com.jeya.util.ServiceLoaderDemoTest"/>
  <testcase name="testIterate_moreThanOneNonDefault" time="0.223" classname="com.jeya.util.ServiceLoaderDemoTest"/>
</testsuite> <!-- com.jeya.util.ServiceLoaderDemoTest -->
