<?xml version="1.0" encoding="UTF-8"?>
<!-- Generated by org.testng.reporters.JUnitReportReporter -->
<testsuite hostname="CWLK-JEYAGEN" name="com.jeya.util.ServiceLoaderDemoTest" tests="1" failures="0" timestamp="25 Sep 2018 08:18:46 GMT" time="0.293" errors="0">
  <testcase name="testIterate" time="0.293" classname="com.jeya.util.ServiceLoaderDemoTest"/>
</testsuite> <!-- com.jeya.util.ServiceLoaderDemoTest -->
